In file included from [01m[K/home/kcg/copy/idan_driver_ws/idan_driver/autoware_auto_msgs/autoware_auto_vehicle_msgs/build/autoware_auto_vehicle_msgs/rosidl_generator_c/autoware_auto_vehicle_msgs/msg/detail/vehicle_kinematic_state__functions.h:19[m[K,
                 from [01m[K/home/kcg/copy/idan_driver_ws/idan_driver/autoware_auto_msgs/autoware_auto_vehicle_msgs/build/autoware_auto_vehicle_msgs/rosidl_generator_c/autoware_auto_vehicle_msgs/msg/detail/vehicle_kinematic_state__functions.c:4[m[K:
[01m[K/home/kcg/copy/idan_driver_ws/idan_driver/autoware_auto_msgs/autoware_auto_vehicle_msgs/build/autoware_auto_vehicle_msgs/rosidl_generator_c/autoware_auto_vehicle_msgs/msg/detail/vehicle_kinematic_state__struct.h:24:10:[m[K [01;31m[Kfatal error: [m[Kautoware_auto_planning_msgs/msg/detail/trajectory_point__struct.h: No such file or directory
   24 | #include [01;31m[K"autoware_auto_planning_msgs/msg/detail/trajectory_point__struct.h"[m[K
      |          [01;31m[K^~~~~~~~~~~~~~~~~~~~~~~~~~~~~~~~~~~~~~~~~~~~~~~~~~~~~~~~~~~~~~~~~~~[m[K
compilation terminated.
make[2]: *** [CMakeFiles/autoware_auto_vehicle_msgs__rosidl_generator_c.dir/build.make:700: CMakeFiles/autoware_auto_vehicle_msgs__rosidl_generator_c.dir/rosidl_generator_c/autoware_auto_vehicle_msgs/msg/detail/vehicle_kinematic_state__functions.c.o] Error 1
make[2]: *** Waiting for unfinished jobs....
make[1]: *** [CMakeFiles/Makefile2:327: CMakeFiles/autoware_auto_vehicle_msgs__rosidl_generator_c.dir/all] Error 2
make[1]: *** Waiting for unfinished jobs....
In file included from [01m[K/home/kcg/copy/idan_driver_ws/idan_driver/autoware_auto_msgs/autoware_auto_vehicle_msgs/build/autoware_auto_vehicle_msgs/rosidl_typesupport_cpp/autoware_auto_vehicle_msgs/msg/vehicle_kinematic_state__type_support.cpp:7[m[K:
[01m[K/home/kcg/copy/idan_driver_ws/idan_driver/autoware_auto_msgs/autoware_auto_vehicle_msgs/build/autoware_auto_vehicle_msgs/rosidl_generator_cpp/autoware_auto_vehicle_msgs/msg/detail/vehicle_kinematic_state__struct.hpp:21:10:[m[K [01;31m[Kfatal error: [m[Kautoware_auto_planning_msgs/msg/detail/trajectory_point__struct.hpp: No such file or directory
   21 | #include [01;31m[K"autoware_auto_planning_msgs/msg/detail/trajectory_point__struct.hpp"[m[K
      |          [01;31m[K^~~~~~~~~~~~~~~~~~~~~~~~~~~~~~~~~~~~~~~~~~~~~~~~~~~~~~~~~~~~~~~~~~~~~[m[K
compilation terminated.
make[2]: *** [CMakeFiles/autoware_auto_vehicle_msgs__rosidl_typesupport_cpp.dir/build.make:405: CMakeFiles/autoware_auto_vehicle_msgs__rosidl_typesupport_cpp.dir/rosidl_typesupport_cpp/autoware_auto_vehicle_msgs/msg/vehicle_kinematic_state__type_support.cpp.o] Error 1
make[2]: *** Waiting for unfinished jobs....
make[1]: *** [CMakeFiles/Makefile2:354: CMakeFiles/autoware_auto_vehicle_msgs__rosidl_typesupport_cpp.dir/all] Error 2
In file included from [01m[K/home/kcg/copy/idan_driver_ws/idan_driver/autoware_auto_msgs/autoware_auto_vehicle_msgs/build/autoware_auto_vehicle_msgs/rosidl_typesupport_introspection_cpp/autoware_auto_vehicle_msgs/msg/detail/vehicle_kinematic_state__type_support.cpp:12[m[K:
[01m[K/home/kcg/copy/idan_driver_ws/idan_driver/autoware_auto_msgs/autoware_auto_vehicle_msgs/build/autoware_auto_vehicle_msgs/rosidl_generator_cpp/autoware_auto_vehicle_msgs/msg/detail/vehicle_kinematic_state__struct.hpp:21:10:[m[K [01;31m[Kfatal error: [m[Kautoware_auto_planning_msgs/msg/detail/trajectory_point__struct.hpp: No such file or directory
   21 | #include [01;31m[K"autoware_auto_planning_msgs/msg/detail/trajectory_point__struct.hpp"[m[K
      |          [01;31m[K^~~~~~~~~~~~~~~~~~~~~~~~~~~~~~~~~~~~~~~~~~~~~~~~~~~~~~~~~~~~~~~~~~~~~[m[K
compilation terminated.
make[2]: *** [CMakeFiles/autoware_auto_vehicle_msgs__rosidl_typesupport_introspection_cpp.dir/build.make:479: CMakeFiles/autoware_auto_vehicle_msgs__rosidl_typesupport_introspection_cpp.dir/rosidl_typesupport_introspection_cpp/autoware_auto_vehicle_msgs/msg/detail/vehicle_kinematic_state__type_support.cpp.o] Error 1
make[2]: *** Waiting for unfinished jobs....
make[1]: *** [CMakeFiles/Makefile2:496: CMakeFiles/autoware_auto_vehicle_msgs__rosidl_typesupport_introspection_cpp.dir/all] Error 2
In file included from [01m[K/home/kcg/copy/idan_driver_ws/idan_driver/autoware_auto_msgs/autoware_auto_vehicle_msgs/build/autoware_auto_vehicle_msgs/rosidl_typesupport_fastrtps_cpp/autoware_auto_vehicle_msgs/msg/detail/vehicle_kinematic_state__rosidl_typesupport_fastrtps_cpp.hpp:11[m[K,
                 from [01m[K/home/kcg/copy/idan_driver_ws/idan_driver/autoware_auto_msgs/autoware_auto_vehicle_msgs/build/autoware_auto_vehicle_msgs/rosidl_typesupport_fastrtps_cpp/autoware_auto_vehicle_msgs/msg/detail/dds_fastrtps/vehicle_kinematic_state__type_support.cpp:4[m[K:
[01m[K/home/kcg/copy/idan_driver_ws/idan_driver/autoware_auto_msgs/autoware_auto_vehicle_msgs/build/autoware_auto_vehicle_msgs/rosidl_generator_cpp/autoware_auto_vehicle_msgs/msg/detail/vehicle_kinematic_state__struct.hpp:21:10:[m[K [01;31m[Kfatal error: [m[Kautoware_auto_planning_msgs/msg/detail/trajectory_point__struct.hpp: No such file or directory
   21 | #include [01;31m[K"autoware_auto_planning_msgs/msg/detail/trajectory_point__struct.hpp"[m[K
      |          [01;31m[K^~~~~~~~~~~~~~~~~~~~~~~~~~~~~~~~~~~~~~~~~~~~~~~~~~~~~~~~~~~~~~~~~~~~~[m[K
compilation terminated.
make[2]: *** [CMakeFiles/autoware_auto_vehicle_msgs__rosidl_typesupport_fastrtps_cpp.dir/build.make:479: CMakeFiles/autoware_auto_vehicle_msgs__rosidl_typesupport_fastrtps_cpp.dir/rosidl_typesupport_fastrtps_cpp/autoware_auto_vehicle_msgs/msg/detail/dds_fastrtps/vehicle_kinematic_state__type_support.cpp.o] Error 1
make[2]: *** Waiting for unfinished jobs....
make[1]: *** [CMakeFiles/Makefile2:185: CMakeFiles/autoware_auto_vehicle_msgs__rosidl_typesupport_fastrtps_cpp.dir/all] Error 2
make: *** [Makefile:141: all] Error 2
